Copyright 1986-2022 Xilinx, Inc. All Rights Reserved. Copyright 2022-2024 Advanced Micro Devices, Inc. All Rights Reserved.
---------------------------------------------------------------------------------------------------------------------------------------------
| Tool Version : Vivado v.2024.1 (win64) Build 5076996 Wed May 22 18:37:14 MDT 2024
| Date         : Sat Aug  2 20:33:29 2025
| Host         : DESKTOP-1FUVVL9 running 64-bit major release  (build 9200)
| Command      : report_drc -file design_1_wrapper_drc_opted.rpt -pb design_1_wrapper_drc_opted.pb -rpx design_1_wrapper_drc_opted.rpx
| Design       : design_1_wrapper
| Device       : xc7z020clg484-1
| Speed File   : -1
| Design State : Synthesized
---------------------------------------------------------------------------------------------------------------------------------------------

Report DRC

Table of Contents
-----------------
1. REPORT SUMMARY
2. REPORT DETAILS

1. REPORT SUMMARY
-----------------
            Netlist: netlist
          Floorplan: design_1
      Design limits: <entire design considered>
           Ruledeck: default
             Max violations: <unlimited>
             Violations found: 76
+--------+----------+------------------------+------------+
| Rule   | Severity | Description            | Violations |
+--------+----------+------------------------+------------+
| DPIP-1 | Warning  | Input pipelining       | 28         |
| DPOP-1 | Warning  | PREG Output pipelining | 22         |
| DPOP-2 | Warning  | MREG Output pipelining | 26         |
+--------+----------+------------------------+------------+

2. REPORT DETAILS
-----------------
DPIP-1#1 Warning
Input pipelining  
DSP design_1_i/top_0/inst/inst_svpwm/clarke_inst/mult_reg_1_reg input design_1_i/top_0/inst/inst_svpwm/clarke_inst/mult_reg_1_reg/A[29:0] is not pipelined. Pipelining DSP48 input will improve performance.
Related violations: <none>

DPIP-1#2 Warning
Input pipelining  
DSP design_1_i/top_0/inst/inst_svpwm/clarke_inst/mult_reg_2_reg input design_1_i/top_0/inst/inst_svpwm/clarke_inst/mult_reg_2_reg/A[29:0] is not pipelined. Pipelining DSP48 input will improve performance.
Related violations: <none>

DPIP-1#3 Warning
Input pipelining  
DSP design_1_i/top_0/inst/inst_svpwm/clarke_inst/mult_reg_3_reg input design_1_i/top_0/inst/inst_svpwm/clarke_inst/mult_reg_3_reg/A[29:0] is not pipelined. Pipelining DSP48 input will improve performance.
Related violations: <none>

DPIP-1#4 Warning
Input pipelining  
DSP design_1_i/top_0/inst/inst_svpwm/clarke_inst/mult_reg_4_reg input design_1_i/top_0/inst/inst_svpwm/clarke_inst/mult_reg_4_reg/A[29:0] is not pipelined. Pipelining DSP48 input will improve performance.
Related violations: <none>

DPIP-1#5 Warning
Input pipelining  
DSP design_1_i/top_0/inst/inst_svpwm/clarke_inst/v_alpha_reg input design_1_i/top_0/inst/inst_svpwm/clarke_inst/v_alpha_reg/A[29:0] is not pipelined. Pipelining DSP48 input will improve performance.
Related violations: <none>

DPIP-1#6 Warning
Input pipelining  
DSP design_1_i/top_0/inst/inst_svpwm/clarke_inst/v_alpha_reg input design_1_i/top_0/inst/inst_svpwm/clarke_inst/v_alpha_reg/B[17:0] is not pipelined. Pipelining DSP48 input will improve performance.
Related violations: <none>

DPIP-1#7 Warning
Input pipelining  
DSP design_1_i/top_0/inst/inst_svpwm/clarke_inst/v_alpha_reg input design_1_i/top_0/inst/inst_svpwm/clarke_inst/v_alpha_reg/C[47:0] is not pipelined. Pipelining DSP48 input will improve performance.
Related violations: <none>

DPIP-1#8 Warning
Input pipelining  
DSP design_1_i/top_0/inst/inst_svpwm/clarke_inst/v_beta_reg input design_1_i/top_0/inst/inst_svpwm/clarke_inst/v_beta_reg/A[29:0] is not pipelined. Pipelining DSP48 input will improve performance.
Related violations: <none>

DPIP-1#9 Warning
Input pipelining  
DSP design_1_i/top_0/inst/inst_svpwm/driver_inst/HB1_mult_reg0 input design_1_i/top_0/inst/inst_svpwm/driver_inst/HB1_mult_reg0/B[17:0] is not pipelined. Pipelining DSP48 input will improve performance.
Related violations: <none>

DPIP-1#10 Warning
Input pipelining  
DSP design_1_i/top_0/inst/inst_svpwm/driver_inst/HB1_mult_reg0__0 input design_1_i/top_0/inst/inst_svpwm/driver_inst/HB1_mult_reg0__0/A[29:0] is not pipelined. Pipelining DSP48 input will improve performance.
Related violations: <none>

DPIP-1#11 Warning
Input pipelining  
DSP design_1_i/top_0/inst/inst_svpwm/driver_inst/HB1_mult_reg0__1 input design_1_i/top_0/inst/inst_svpwm/driver_inst/HB1_mult_reg0__1/A[29:0] is not pipelined. Pipelining DSP48 input will improve performance.
Related violations: <none>

DPIP-1#12 Warning
Input pipelining  
DSP design_1_i/top_0/inst/inst_svpwm/driver_inst/HB1_mult_reg0__10 input design_1_i/top_0/inst/inst_svpwm/driver_inst/HB1_mult_reg0__10/A[29:0] is not pipelined. Pipelining DSP48 input will improve performance.
Related violations: <none>

DPIP-1#13 Warning
Input pipelining  
DSP design_1_i/top_0/inst/inst_svpwm/driver_inst/HB1_mult_reg0__11 input design_1_i/top_0/inst/inst_svpwm/driver_inst/HB1_mult_reg0__11/B[17:0] is not pipelined. Pipelining DSP48 input will improve performance.
Related violations: <none>

DPIP-1#14 Warning
Input pipelining  
DSP design_1_i/top_0/inst/inst_svpwm/driver_inst/HB1_mult_reg0__12 input design_1_i/top_0/inst/inst_svpwm/driver_inst/HB1_mult_reg0__12/A[29:0] is not pipelined. Pipelining DSP48 input will improve performance.
Related violations: <none>

DPIP-1#15 Warning
Input pipelining  
DSP design_1_i/top_0/inst/inst_svpwm/driver_inst/HB1_mult_reg0__13 input design_1_i/top_0/inst/inst_svpwm/driver_inst/HB1_mult_reg0__13/A[29:0] is not pipelined. Pipelining DSP48 input will improve performance.
Related violations: <none>

DPIP-1#16 Warning
Input pipelining  
DSP design_1_i/top_0/inst/inst_svpwm/driver_inst/HB1_mult_reg0__3 input design_1_i/top_0/inst/inst_svpwm/driver_inst/HB1_mult_reg0__3/B[17:0] is not pipelined. Pipelining DSP48 input will improve performance.
Related violations: <none>

DPIP-1#17 Warning
Input pipelining  
DSP design_1_i/top_0/inst/inst_svpwm/driver_inst/HB1_mult_reg0__4 input design_1_i/top_0/inst/inst_svpwm/driver_inst/HB1_mult_reg0__4/A[29:0] is not pipelined. Pipelining DSP48 input will improve performance.
Related violations: <none>

DPIP-1#18 Warning
Input pipelining  
DSP design_1_i/top_0/inst/inst_svpwm/driver_inst/HB1_mult_reg0__5 input design_1_i/top_0/inst/inst_svpwm/driver_inst/HB1_mult_reg0__5/A[29:0] is not pipelined. Pipelining DSP48 input will improve performance.
Related violations: <none>

DPIP-1#19 Warning
Input pipelining  
DSP design_1_i/top_0/inst/inst_svpwm/driver_inst/HB1_mult_reg0__7 input design_1_i/top_0/inst/inst_svpwm/driver_inst/HB1_mult_reg0__7/B[17:0] is not pipelined. Pipelining DSP48 input will improve performance.
Related violations: <none>

DPIP-1#20 Warning
Input pipelining  
DSP design_1_i/top_0/inst/inst_svpwm/driver_inst/HB1_mult_reg0__8 input design_1_i/top_0/inst/inst_svpwm/driver_inst/HB1_mult_reg0__8/A[29:0] is not pipelined. Pipelining DSP48 input will improve performance.
Related violations: <none>

DPIP-1#21 Warning
Input pipelining  
DSP design_1_i/top_0/inst/inst_svpwm/driver_inst/HB1_mult_reg0__9 input design_1_i/top_0/inst/inst_svpwm/driver_inst/HB1_mult_reg0__9/A[29:0] is not pipelined. Pipelining DSP48 input will improve performance.
Related violations: <none>

DPIP-1#22 Warning
Input pipelining  
DSP design_1_i/top_0/inst/inst_svpwm/time_processor_inst/t1_mult_reg0 input design_1_i/top_0/inst/inst_svpwm/time_processor_inst/t1_mult_reg0/A[29:0] is not pipelined. Pipelining DSP48 input will improve performance.
Related violations: <none>

DPIP-1#23 Warning
Input pipelining  
DSP design_1_i/top_0/inst/inst_svpwm/time_processor_inst/t1_mult_reg0 input design_1_i/top_0/inst/inst_svpwm/time_processor_inst/t1_mult_reg0/B[17:0] is not pipelined. Pipelining DSP48 input will improve performance.
Related violations: <none>

DPIP-1#24 Warning
Input pipelining  
DSP design_1_i/top_0/inst/inst_svpwm/time_processor_inst/t1_mult_reg0__0 input design_1_i/top_0/inst/inst_svpwm/time_processor_inst/t1_mult_reg0__0/A[29:0] is not pipelined. Pipelining DSP48 input will improve performance.
Related violations: <none>

DPIP-1#25 Warning
Input pipelining  
DSP design_1_i/top_0/inst/inst_svpwm/time_processor_inst/t1_mult_reg0__0 input design_1_i/top_0/inst/inst_svpwm/time_processor_inst/t1_mult_reg0__0/B[17:0] is not pipelined. Pipelining DSP48 input will improve performance.
Related violations: <none>

DPIP-1#26 Warning
Input pipelining  
DSP design_1_i/top_0/inst/inst_svpwm/time_processor_inst/t1_mult_reg0__1 input design_1_i/top_0/inst/inst_svpwm/time_processor_inst/t1_mult_reg0__1/A[29:0] is not pipelined. Pipelining DSP48 input will improve performance.
Related violations: <none>

DPIP-1#27 Warning
Input pipelining  
DSP design_1_i/top_0/inst/inst_svpwm/time_processor_inst/t1_mult_reg0__1 input design_1_i/top_0/inst/inst_svpwm/time_processor_inst/t1_mult_reg0__1/B[17:0] is not pipelined. Pipelining DSP48 input will improve performance.
Related violations: <none>

DPIP-1#28 Warning
Input pipelining  
DSP design_1_i/top_0/inst/inst_svpwm/time_processor_inst/t1_mult_reg0__2 input design_1_i/top_0/inst/inst_svpwm/time_processor_inst/t1_mult_reg0__2/B[17:0] is not pipelined. Pipelining DSP48 input will improve performance.
Related violations: <none>

DPOP-1#1 Warning
PREG Output pipelining  
DSP design_1_i/top_0/inst/inst_svpwm/driver_inst/HB1_mult_reg0 output design_1_i/top_0/inst/inst_svpwm/driver_inst/HB1_mult_reg0/P[47:0] is not pipelined (PREG=0). Pipelining the DSP48 output will improve performance and often saves power so it is suggested whenever possible to fully pipeline this function.  If this DSP48 function was inferred, it is suggested to describe an additional register stage after this function.  If the DSP48 was instantiated in the design, it is suggested to set the PREG attribute to 1.
Related violations: <none>

DPOP-1#2 Warning
PREG Output pipelining  
DSP design_1_i/top_0/inst/inst_svpwm/driver_inst/HB1_mult_reg0__0 output design_1_i/top_0/inst/inst_svpwm/driver_inst/HB1_mult_reg0__0/P[47:0] is not pipelined (PREG=0). Pipelining the DSP48 output will improve performance and often saves power so it is suggested whenever possible to fully pipeline this function.  If this DSP48 function was inferred, it is suggested to describe an additional register stage after this function.  If the DSP48 was instantiated in the design, it is suggested to set the PREG attribute to 1.
Related violations: <none>

DPOP-1#3 Warning
PREG Output pipelining  
DSP design_1_i/top_0/inst/inst_svpwm/driver_inst/HB1_mult_reg0__1 output design_1_i/top_0/inst/inst_svpwm/driver_inst/HB1_mult_reg0__1/P[47:0] is not pipelined (PREG=0). Pipelining the DSP48 output will improve performance and often saves power so it is suggested whenever possible to fully pipeline this function.  If this DSP48 function was inferred, it is suggested to describe an additional register stage after this function.  If the DSP48 was instantiated in the design, it is suggested to set the PREG attribute to 1.
Related violations: <none>

DPOP-1#4 Warning
PREG Output pipelining  
DSP design_1_i/top_0/inst/inst_svpwm/driver_inst/HB1_mult_reg0__10 output design_1_i/top_0/inst/inst_svpwm/driver_inst/HB1_mult_reg0__10/P[47:0] is not pipelined (PREG=0). Pipelining the DSP48 output will improve performance and often saves power so it is suggested whenever possible to fully pipeline this function.  If this DSP48 function was inferred, it is suggested to describe an additional register stage after this function.  If the DSP48 was instantiated in the design, it is suggested to set the PREG attribute to 1.
Related violations: <none>

DPOP-1#5 Warning
PREG Output pipelining  
DSP design_1_i/top_0/inst/inst_svpwm/driver_inst/HB1_mult_reg0__11 output design_1_i/top_0/inst/inst_svpwm/driver_inst/HB1_mult_reg0__11/P[47:0] is not pipelined (PREG=0). Pipelining the DSP48 output will improve performance and often saves power so it is suggested whenever possible to fully pipeline this function.  If this DSP48 function was inferred, it is suggested to describe an additional register stage after this function.  If the DSP48 was instantiated in the design, it is suggested to set the PREG attribute to 1.
Related violations: <none>

DPOP-1#6 Warning
PREG Output pipelining  
DSP design_1_i/top_0/inst/inst_svpwm/driver_inst/HB1_mult_reg0__12 output design_1_i/top_0/inst/inst_svpwm/driver_inst/HB1_mult_reg0__12/P[47:0] is not pipelined (PREG=0). Pipelining the DSP48 output will improve performance and often saves power so it is suggested whenever possible to fully pipeline this function.  If this DSP48 function was inferred, it is suggested to describe an additional register stage after this function.  If the DSP48 was instantiated in the design, it is suggested to set the PREG attribute to 1.
Related violations: <none>

DPOP-1#7 Warning
PREG Output pipelining  
DSP design_1_i/top_0/inst/inst_svpwm/driver_inst/HB1_mult_reg0__13 output design_1_i/top_0/inst/inst_svpwm/driver_inst/HB1_mult_reg0__13/P[47:0] is not pipelined (PREG=0). Pipelining the DSP48 output will improve performance and often saves power so it is suggested whenever possible to fully pipeline this function.  If this DSP48 function was inferred, it is suggested to describe an additional register stage after this function.  If the DSP48 was instantiated in the design, it is suggested to set the PREG attribute to 1.
Related violations: <none>

DPOP-1#8 Warning
PREG Output pipelining  
DSP design_1_i/top_0/inst/inst_svpwm/driver_inst/HB1_mult_reg0__14 output design_1_i/top_0/inst/inst_svpwm/driver_inst/HB1_mult_reg0__14/P[47:0] is not pipelined (PREG=0). Pipelining the DSP48 output will improve performance and often saves power so it is suggested whenever possible to fully pipeline this function.  If this DSP48 function was inferred, it is suggested to describe an additional register stage after this function.  If the DSP48 was instantiated in the design, it is suggested to set the PREG attribute to 1.
Related violations: <none>

DPOP-1#9 Warning
PREG Output pipelining  
DSP design_1_i/top_0/inst/inst_svpwm/driver_inst/HB1_mult_reg0__2 output design_1_i/top_0/inst/inst_svpwm/driver_inst/HB1_mult_reg0__2/P[47:0] is not pipelined (PREG=0). Pipelining the DSP48 output will improve performance and often saves power so it is suggested whenever possible to fully pipeline this function.  If this DSP48 function was inferred, it is suggested to describe an additional register stage after this function.  If the DSP48 was instantiated in the design, it is suggested to set the PREG attribute to 1.
Related violations: <none>

DPOP-1#10 Warning
PREG Output pipelining  
DSP design_1_i/top_0/inst/inst_svpwm/driver_inst/HB1_mult_reg0__3 output design_1_i/top_0/inst/inst_svpwm/driver_inst/HB1_mult_reg0__3/P[47:0] is not pipelined (PREG=0). Pipelining the DSP48 output will improve performance and often saves power so it is suggested whenever possible to fully pipeline this function.  If this DSP48 function was inferred, it is suggested to describe an additional register stage after this function.  If the DSP48 was instantiated in the design, it is suggested to set the PREG attribute to 1.
Related violations: <none>

DPOP-1#11 Warning
PREG Output pipelining  
DSP design_1_i/top_0/inst/inst_svpwm/driver_inst/HB1_mult_reg0__4 output design_1_i/top_0/inst/inst_svpwm/driver_inst/HB1_mult_reg0__4/P[47:0] is not pipelined (PREG=0). Pipelining the DSP48 output will improve performance and often saves power so it is suggested whenever possible to fully pipeline this function.  If this DSP48 function was inferred, it is suggested to describe an additional register stage after this function.  If the DSP48 was instantiated in the design, it is suggested to set the PREG attribute to 1.
Related violations: <none>

DPOP-1#12 Warning
PREG Output pipelining  
DSP design_1_i/top_0/inst/inst_svpwm/driver_inst/HB1_mult_reg0__5 output design_1_i/top_0/inst/inst_svpwm/driver_inst/HB1_mult_reg0__5/P[47:0] is not pipelined (PREG=0). Pipelining the DSP48 output will improve performance and often saves power so it is suggested whenever possible to fully pipeline this function.  If this DSP48 function was inferred, it is suggested to describe an additional register stage after this function.  If the DSP48 was instantiated in the design, it is suggested to set the PREG attribute to 1.
Related violations: <none>

DPOP-1#13 Warning
PREG Output pipelining  
DSP design_1_i/top_0/inst/inst_svpwm/driver_inst/HB1_mult_reg0__6 output design_1_i/top_0/inst/inst_svpwm/driver_inst/HB1_mult_reg0__6/P[47:0] is not pipelined (PREG=0). Pipelining the DSP48 output will improve performance and often saves power so it is suggested whenever possible to fully pipeline this function.  If this DSP48 function was inferred, it is suggested to describe an additional register stage after this function.  If the DSP48 was instantiated in the design, it is suggested to set the PREG attribute to 1.
Related violations: <none>

DPOP-1#14 Warning
PREG Output pipelining  
DSP design_1_i/top_0/inst/inst_svpwm/driver_inst/HB1_mult_reg0__7 output design_1_i/top_0/inst/inst_svpwm/driver_inst/HB1_mult_reg0__7/P[47:0] is not pipelined (PREG=0). Pipelining the DSP48 output will improve performance and often saves power so it is suggested whenever possible to fully pipeline this function.  If this DSP48 function was inferred, it is suggested to describe an additional register stage after this function.  If the DSP48 was instantiated in the design, it is suggested to set the PREG attribute to 1.
Related violations: <none>

DPOP-1#15 Warning
PREG Output pipelining  
DSP design_1_i/top_0/inst/inst_svpwm/driver_inst/HB1_mult_reg0__8 output design_1_i/top_0/inst/inst_svpwm/driver_inst/HB1_mult_reg0__8/P[47:0] is not pipelined (PREG=0). Pipelining the DSP48 output will improve performance and often saves power so it is suggested whenever possible to fully pipeline this function.  If this DSP48 function was inferred, it is suggested to describe an additional register stage after this function.  If the DSP48 was instantiated in the design, it is suggested to set the PREG attribute to 1.
Related violations: <none>

DPOP-1#16 Warning
PREG Output pipelining  
DSP design_1_i/top_0/inst/inst_svpwm/driver_inst/HB1_mult_reg0__9 output design_1_i/top_0/inst/inst_svpwm/driver_inst/HB1_mult_reg0__9/P[47:0] is not pipelined (PREG=0). Pipelining the DSP48 output will improve performance and often saves power so it is suggested whenever possible to fully pipeline this function.  If this DSP48 function was inferred, it is suggested to describe an additional register stage after this function.  If the DSP48 was instantiated in the design, it is suggested to set the PREG attribute to 1.
Related violations: <none>

DPOP-1#17 Warning
PREG Output pipelining  
DSP design_1_i/top_0/inst/inst_svpwm/time_processor_inst/t1_mult_reg0 output design_1_i/top_0/inst/inst_svpwm/time_processor_inst/t1_mult_reg0/P[47:0] is not pipelined (PREG=0). Pipelining the DSP48 output will improve performance and often saves power so it is suggested whenever possible to fully pipeline this function.  If this DSP48 function was inferred, it is suggested to describe an additional register stage after this function.  If the DSP48 was instantiated in the design, it is suggested to set the PREG attribute to 1.
Related violations: <none>

DPOP-1#18 Warning
PREG Output pipelining  
DSP design_1_i/top_0/inst/inst_svpwm/time_processor_inst/t1_mult_reg0__0 output design_1_i/top_0/inst/inst_svpwm/time_processor_inst/t1_mult_reg0__0/P[47:0] is not pipelined (PREG=0). Pipelining the DSP48 output will improve performance and often saves power so it is suggested whenever possible to fully pipeline this function.  If this DSP48 function was inferred, it is suggested to describe an additional register stage after this function.  If the DSP48 was instantiated in the design, it is suggested to set the PREG attribute to 1.
Related violations: <none>

DPOP-1#19 Warning
PREG Output pipelining  
DSP design_1_i/top_0/inst/inst_svpwm/time_processor_inst/t1_mult_reg0__1 output design_1_i/top_0/inst/inst_svpwm/time_processor_inst/t1_mult_reg0__1/P[47:0] is not pipelined (PREG=0). Pipelining the DSP48 output will improve performance and often saves power so it is suggested whenever possible to fully pipeline this function.  If this DSP48 function was inferred, it is suggested to describe an additional register stage after this function.  If the DSP48 was instantiated in the design, it is suggested to set the PREG attribute to 1.
Related violations: <none>

DPOP-1#20 Warning
PREG Output pipelining  
DSP design_1_i/top_0/inst/inst_svpwm/time_processor_inst/t1_mult_reg0__2 output design_1_i/top_0/inst/inst_svpwm/time_processor_inst/t1_mult_reg0__2/P[47:0] is not pipelined (PREG=0). Pipelining the DSP48 output will improve performance and often saves power so it is suggested whenever possible to fully pipeline this function.  If this DSP48 function was inferred, it is suggested to describe an additional register stage after this function.  If the DSP48 was instantiated in the design, it is suggested to set the PREG attribute to 1.
Related violations: <none>

DPOP-1#21 Warning
PREG Output pipelining  
DSP design_1_i/top_0/inst/inst_svpwm/vector_proc_inst/mult_reg0 output design_1_i/top_0/inst/inst_svpwm/vector_proc_inst/mult_reg0/P[47:0] is not pipelined (PREG=0). Pipelining the DSP48 output will improve performance and often saves power so it is suggested whenever possible to fully pipeline this function.  If this DSP48 function was inferred, it is suggested to describe an additional register stage after this function.  If the DSP48 was instantiated in the design, it is suggested to set the PREG attribute to 1.
Related violations: <none>

DPOP-1#22 Warning
PREG Output pipelining  
DSP design_1_i/top_0/inst/inst_svpwm/vector_proc_inst/mult_reg0__0 output design_1_i/top_0/inst/inst_svpwm/vector_proc_inst/mult_reg0__0/P[47:0] is not pipelined (PREG=0). Pipelining the DSP48 output will improve performance and often saves power so it is suggested whenever possible to fully pipeline this function.  If this DSP48 function was inferred, it is suggested to describe an additional register stage after this function.  If the DSP48 was instantiated in the design, it is suggested to set the PREG attribute to 1.
Related violations: <none>

DPOP-2#1 Warning
MREG Output pipelining  
DSP design_1_i/top_0/inst/inst_svpwm/clarke_inst/mult_reg_2_reg multiplier stage design_1_i/top_0/inst/inst_svpwm/clarke_inst/mult_reg_2_reg/P[47:0] is not pipelined (MREG=0). Pipelining the multiplier function will improve performance and will save significant power so it is suggested whenever possible to fully pipeline this function.  If this multiplier was inferred, it is suggested to describe an additional register stage after this function.  If there is no registered adder/accumulator following the multiply function, two pipeline stages are suggested to allow both the MREG and PREG registers to be used.  If the DSP48 was instantiated in the design, it is suggested to set both the MREG and PREG attributes to 1 when performing multiply functions.
Related violations: <none>

DPOP-2#2 Warning
MREG Output pipelining  
DSP design_1_i/top_0/inst/inst_svpwm/clarke_inst/mult_reg_3_reg multiplier stage design_1_i/top_0/inst/inst_svpwm/clarke_inst/mult_reg_3_reg/P[47:0] is not pipelined (MREG=0). Pipelining the multiplier function will improve performance and will save significant power so it is suggested whenever possible to fully pipeline this function.  If this multiplier was inferred, it is suggested to describe an additional register stage after this function.  If there is no registered adder/accumulator following the multiply function, two pipeline stages are suggested to allow both the MREG and PREG registers to be used.  If the DSP48 was instantiated in the design, it is suggested to set both the MREG and PREG attributes to 1 when performing multiply functions.
Related violations: <none>

DPOP-2#3 Warning
MREG Output pipelining  
DSP design_1_i/top_0/inst/inst_svpwm/driver_inst/HB1_mult_reg0 multiplier stage design_1_i/top_0/inst/inst_svpwm/driver_inst/HB1_mult_reg0/P[47:0] is not pipelined (MREG=0). Pipelining the multiplier function will improve performance and will save significant power so it is suggested whenever possible to fully pipeline this function.  If this multiplier was inferred, it is suggested to describe an additional register stage after this function.  If there is no registered adder/accumulator following the multiply function, two pipeline stages are suggested to allow both the MREG and PREG registers to be used.  If the DSP48 was instantiated in the design, it is suggested to set both the MREG and PREG attributes to 1 when performing multiply functions.
Related violations: <none>

DPOP-2#4 Warning
MREG Output pipelining  
DSP design_1_i/top_0/inst/inst_svpwm/driver_inst/HB1_mult_reg0__0 multiplier stage design_1_i/top_0/inst/inst_svpwm/driver_inst/HB1_mult_reg0__0/P[47:0] is not pipelined (MREG=0). Pipelining the multiplier function will improve performance and will save significant power so it is suggested whenever possible to fully pipeline this function.  If this multiplier was inferred, it is suggested to describe an additional register stage after this function.  If there is no registered adder/accumulator following the multiply function, two pipeline stages are suggested to allow both the MREG and PREG registers to be used.  If the DSP48 was instantiated in the design, it is suggested to set both the MREG and PREG attributes to 1 when performing multiply functions.
Related violations: <none>

DPOP-2#5 Warning
MREG Output pipelining  
DSP design_1_i/top_0/inst/inst_svpwm/driver_inst/HB1_mult_reg0__1 multiplier stage design_1_i/top_0/inst/inst_svpwm/driver_inst/HB1_mult_reg0__1/P[47:0] is not pipelined (MREG=0). Pipelining the multiplier function will improve performance and will save significant power so it is suggested whenever possible to fully pipeline this function.  If this multiplier was inferred, it is suggested to describe an additional register stage after this function.  If there is no registered adder/accumulator following the multiply function, two pipeline stages are suggested to allow both the MREG and PREG registers to be used.  If the DSP48 was instantiated in the design, it is suggested to set both the MREG and PREG attributes to 1 when performing multiply functions.
Related violations: <none>

DPOP-2#6 Warning
MREG Output pipelining  
DSP design_1_i/top_0/inst/inst_svpwm/driver_inst/HB1_mult_reg0__10 multiplier stage design_1_i/top_0/inst/inst_svpwm/driver_inst/HB1_mult_reg0__10/P[47:0] is not pipelined (MREG=0). Pipelining the multiplier function will improve performance and will save significant power so it is suggested whenever possible to fully pipeline this function.  If this multiplier was inferred, it is suggested to describe an additional register stage after this function.  If there is no registered adder/accumulator following the multiply function, two pipeline stages are suggested to allow both the MREG and PREG registers to be used.  If the DSP48 was instantiated in the design, it is suggested to set both the MREG and PREG attributes to 1 when performing multiply functions.
Related violations: <none>

DPOP-2#7 Warning
MREG Output pipelining  
DSP design_1_i/top_0/inst/inst_svpwm/driver_inst/HB1_mult_reg0__11 multiplier stage design_1_i/top_0/inst/inst_svpwm/driver_inst/HB1_mult_reg0__11/P[47:0] is not pipelined (MREG=0). Pipelining the multiplier function will improve performance and will save significant power so it is suggested whenever possible to fully pipeline this function.  If this multiplier was inferred, it is suggested to describe an additional register stage after this function.  If there is no registered adder/accumulator following the multiply function, two pipeline stages are suggested to allow both the MREG and PREG registers to be used.  If the DSP48 was instantiated in the design, it is suggested to set both the MREG and PREG attributes to 1 when performing multiply functions.
Related violations: <none>

DPOP-2#8 Warning
MREG Output pipelining  
DSP design_1_i/top_0/inst/inst_svpwm/driver_inst/HB1_mult_reg0__12 multiplier stage design_1_i/top_0/inst/inst_svpwm/driver_inst/HB1_mult_reg0__12/P[47:0] is not pipelined (MREG=0). Pipelining the multiplier function will improve performance and will save significant power so it is suggested whenever possible to fully pipeline this function.  If this multiplier was inferred, it is suggested to describe an additional register stage after this function.  If there is no registered adder/accumulator following the multiply function, two pipeline stages are suggested to allow both the MREG and PREG registers to be used.  If the DSP48 was instantiated in the design, it is suggested to set both the MREG and PREG attributes to 1 when performing multiply functions.
Related violations: <none>

DPOP-2#9 Warning
MREG Output pipelining  
DSP design_1_i/top_0/inst/inst_svpwm/driver_inst/HB1_mult_reg0__13 multiplier stage design_1_i/top_0/inst/inst_svpwm/driver_inst/HB1_mult_reg0__13/P[47:0] is not pipelined (MREG=0). Pipelining the multiplier function will improve performance and will save significant power so it is suggested whenever possible to fully pipeline this function.  If this multiplier was inferred, it is suggested to describe an additional register stage after this function.  If there is no registered adder/accumulator following the multiply function, two pipeline stages are suggested to allow both the MREG and PREG registers to be used.  If the DSP48 was instantiated in the design, it is suggested to set both the MREG and PREG attributes to 1 when performing multiply functions.
Related violations: <none>

DPOP-2#10 Warning
MREG Output pipelining  
DSP design_1_i/top_0/inst/inst_svpwm/driver_inst/HB1_mult_reg0__14 multiplier stage design_1_i/top_0/inst/inst_svpwm/driver_inst/HB1_mult_reg0__14/P[47:0] is not pipelined (MREG=0). Pipelining the multiplier function will improve performance and will save significant power so it is suggested whenever possible to fully pipeline this function.  If this multiplier was inferred, it is suggested to describe an additional register stage after this function.  If there is no registered adder/accumulator following the multiply function, two pipeline stages are suggested to allow both the MREG and PREG registers to be used.  If the DSP48 was instantiated in the design, it is suggested to set both the MREG and PREG attributes to 1 when performing multiply functions.
Related violations: <none>

DPOP-2#11 Warning
MREG Output pipelining  
DSP design_1_i/top_0/inst/inst_svpwm/driver_inst/HB1_mult_reg0__2 multiplier stage design_1_i/top_0/inst/inst_svpwm/driver_inst/HB1_mult_reg0__2/P[47:0] is not pipelined (MREG=0). Pipelining the multiplier function will improve performance and will save significant power so it is suggested whenever possible to fully pipeline this function.  If this multiplier was inferred, it is suggested to describe an additional register stage after this function.  If there is no registered adder/accumulator following the multiply function, two pipeline stages are suggested to allow both the MREG and PREG registers to be used.  If the DSP48 was instantiated in the design, it is suggested to set both the MREG and PREG attributes to 1 when performing multiply functions.
Related violations: <none>

DPOP-2#12 Warning
MREG Output pipelining  
DSP design_1_i/top_0/inst/inst_svpwm/driver_inst/HB1_mult_reg0__3 multiplier stage design_1_i/top_0/inst/inst_svpwm/driver_inst/HB1_mult_reg0__3/P[47:0] is not pipelined (MREG=0). Pipelining the multiplier function will improve performance and will save significant power so it is suggested whenever possible to fully pipeline this function.  If this multiplier was inferred, it is suggested to describe an additional register stage after this function.  If there is no registered adder/accumulator following the multiply function, two pipeline stages are suggested to allow both the MREG and PREG registers to be used.  If the DSP48 was instantiated in the design, it is suggested to set both the MREG and PREG attributes to 1 when performing multiply functions.
Related violations: <none>

DPOP-2#13 Warning
MREG Output pipelining  
DSP design_1_i/top_0/inst/inst_svpwm/driver_inst/HB1_mult_reg0__4 multiplier stage design_1_i/top_0/inst/inst_svpwm/driver_inst/HB1_mult_reg0__4/P[47:0] is not pipelined (MREG=0). Pipelining the multiplier function will improve performance and will save significant power so it is suggested whenever possible to fully pipeline this function.  If this multiplier was inferred, it is suggested to describe an additional register stage after this function.  If there is no registered adder/accumulator following the multiply function, two pipeline stages are suggested to allow both the MREG and PREG registers to be used.  If the DSP48 was instantiated in the design, it is suggested to set both the MREG and PREG attributes to 1 when performing multiply functions.
Related violations: <none>

DPOP-2#14 Warning
MREG Output pipelining  
DSP design_1_i/top_0/inst/inst_svpwm/driver_inst/HB1_mult_reg0__5 multiplier stage design_1_i/top_0/inst/inst_svpwm/driver_inst/HB1_mult_reg0__5/P[47:0] is not pipelined (MREG=0). Pipelining the multiplier function will improve performance and will save significant power so it is suggested whenever possible to fully pipeline this function.  If this multiplier was inferred, it is suggested to describe an additional register stage after this function.  If there is no registered adder/accumulator following the multiply function, two pipeline stages are suggested to allow both the MREG and PREG registers to be used.  If the DSP48 was instantiated in the design, it is suggested to set both the MREG and PREG attributes to 1 when performing multiply functions.
Related violations: <none>

DPOP-2#15 Warning
MREG Output pipelining  
DSP design_1_i/top_0/inst/inst_svpwm/driver_inst/HB1_mult_reg0__6 multiplier stage design_1_i/top_0/inst/inst_svpwm/driver_inst/HB1_mult_reg0__6/P[47:0] is not pipelined (MREG=0). Pipelining the multiplier function will improve performance and will save significant power so it is suggested whenever possible to fully pipeline this function.  If this multiplier was inferred, it is suggested to describe an additional register stage after this function.  If there is no registered adder/accumulator following the multiply function, two pipeline stages are suggested to allow both the MREG and PREG registers to be used.  If the DSP48 was instantiated in the design, it is suggested to set both the MREG and PREG attributes to 1 when performing multiply functions.
Related violations: <none>

DPOP-2#16 Warning
MREG Output pipelining  
DSP design_1_i/top_0/inst/inst_svpwm/driver_inst/HB1_mult_reg0__7 multiplier stage design_1_i/top_0/inst/inst_svpwm/driver_inst/HB1_mult_reg0__7/P[47:0] is not pipelined (MREG=0). Pipelining the multiplier function will improve performance and will save significant power so it is suggested whenever possible to fully pipeline this function.  If this multiplier was inferred, it is suggested to describe an additional register stage after this function.  If there is no registered adder/accumulator following the multiply function, two pipeline stages are suggested to allow both the MREG and PREG registers to be used.  If the DSP48 was instantiated in the design, it is suggested to set both the MREG and PREG attributes to 1 when performing multiply functions.
Related violations: <none>

DPOP-2#17 Warning
MREG Output pipelining  
DSP design_1_i/top_0/inst/inst_svpwm/driver_inst/HB1_mult_reg0__8 multiplier stage design_1_i/top_0/inst/inst_svpwm/driver_inst/HB1_mult_reg0__8/P[47:0] is not pipelined (MREG=0). Pipelining the multiplier function will improve performance and will save significant power so it is suggested whenever possible to fully pipeline this function.  If this multiplier was inferred, it is suggested to describe an additional register stage after this function.  If there is no registered adder/accumulator following the multiply function, two pipeline stages are suggested to allow both the MREG and PREG registers to be used.  If the DSP48 was instantiated in the design, it is suggested to set both the MREG and PREG attributes to 1 when performing multiply functions.
Related violations: <none>

DPOP-2#18 Warning
MREG Output pipelining  
DSP design_1_i/top_0/inst/inst_svpwm/driver_inst/HB1_mult_reg0__9 multiplier stage design_1_i/top_0/inst/inst_svpwm/driver_inst/HB1_mult_reg0__9/P[47:0] is not pipelined (MREG=0). Pipelining the multiplier function will improve performance and will save significant power so it is suggested whenever possible to fully pipeline this function.  If this multiplier was inferred, it is suggested to describe an additional register stage after this function.  If there is no registered adder/accumulator following the multiply function, two pipeline stages are suggested to allow both the MREG and PREG registers to be used.  If the DSP48 was instantiated in the design, it is suggested to set both the MREG and PREG attributes to 1 when performing multiply functions.
Related violations: <none>

DPOP-2#19 Warning
MREG Output pipelining  
DSP design_1_i/top_0/inst/inst_svpwm/time_processor_inst/t1_mult_reg0 multiplier stage design_1_i/top_0/inst/inst_svpwm/time_processor_inst/t1_mult_reg0/P[47:0] is not pipelined (MREG=0). Pipelining the multiplier function will improve performance and will save significant power so it is suggested whenever possible to fully pipeline this function.  If this multiplier was inferred, it is suggested to describe an additional register stage after this function.  If there is no registered adder/accumulator following the multiply function, two pipeline stages are suggested to allow both the MREG and PREG registers to be used.  If the DSP48 was instantiated in the design, it is suggested to set both the MREG and PREG attributes to 1 when performing multiply functions.
Related violations: <none>

DPOP-2#20 Warning
MREG Output pipelining  
DSP design_1_i/top_0/inst/inst_svpwm/time_processor_inst/t1_mult_reg0__0 multiplier stage design_1_i/top_0/inst/inst_svpwm/time_processor_inst/t1_mult_reg0__0/P[47:0] is not pipelined (MREG=0). Pipelining the multiplier function will improve performance and will save significant power so it is suggested whenever possible to fully pipeline this function.  If this multiplier was inferred, it is suggested to describe an additional register stage after this function.  If there is no registered adder/accumulator following the multiply function, two pipeline stages are suggested to allow both the MREG and PREG registers to be used.  If the DSP48 was instantiated in the design, it is suggested to set both the MREG and PREG attributes to 1 when performing multiply functions.
Related violations: <none>

DPOP-2#21 Warning
MREG Output pipelining  
DSP design_1_i/top_0/inst/inst_svpwm/time_processor_inst/t1_mult_reg0__1 multiplier stage design_1_i/top_0/inst/inst_svpwm/time_processor_inst/t1_mult_reg0__1/P[47:0] is not pipelined (MREG=0). Pipelining the multiplier function will improve performance and will save significant power so it is suggested whenever possible to fully pipeline this function.  If this multiplier was inferred, it is suggested to describe an additional register stage after this function.  If there is no registered adder/accumulator following the multiply function, two pipeline stages are suggested to allow both the MREG and PREG registers to be used.  If the DSP48 was instantiated in the design, it is suggested to set both the MREG and PREG attributes to 1 when performing multiply functions.
Related violations: <none>

DPOP-2#22 Warning
MREG Output pipelining  
DSP design_1_i/top_0/inst/inst_svpwm/time_processor_inst/t1_mult_reg0__2 multiplier stage design_1_i/top_0/inst/inst_svpwm/time_processor_inst/t1_mult_reg0__2/P[47:0] is not pipelined (MREG=0). Pipelining the multiplier function will improve performance and will save significant power so it is suggested whenever possible to fully pipeline this function.  If this multiplier was inferred, it is suggested to describe an additional register stage after this function.  If there is no registered adder/accumulator following the multiply function, two pipeline stages are suggested to allow both the MREG and PREG registers to be used.  If the DSP48 was instantiated in the design, it is suggested to set both the MREG and PREG attributes to 1 when performing multiply functions.
Related violations: <none>

DPOP-2#23 Warning
MREG Output pipelining  
DSP design_1_i/top_0/inst/inst_svpwm/vector_proc_inst/mult_reg0 multiplier stage design_1_i/top_0/inst/inst_svpwm/vector_proc_inst/mult_reg0/P[47:0] is not pipelined (MREG=0). Pipelining the multiplier function will improve performance and will save significant power so it is suggested whenever possible to fully pipeline this function.  If this multiplier was inferred, it is suggested to describe an additional register stage after this function.  If there is no registered adder/accumulator following the multiply function, two pipeline stages are suggested to allow both the MREG and PREG registers to be used.  If the DSP48 was instantiated in the design, it is suggested to set both the MREG and PREG attributes to 1 when performing multiply functions.
Related violations: <none>

DPOP-2#24 Warning
MREG Output pipelining  
DSP design_1_i/top_0/inst/inst_svpwm/vector_proc_inst/mult_reg0__0 multiplier stage design_1_i/top_0/inst/inst_svpwm/vector_proc_inst/mult_reg0__0/P[47:0] is not pipelined (MREG=0). Pipelining the multiplier function will improve performance and will save significant power so it is suggested whenever possible to fully pipeline this function.  If this multiplier was inferred, it is suggested to describe an additional register stage after this function.  If there is no registered adder/accumulator following the multiply function, two pipeline stages are suggested to allow both the MREG and PREG registers to be used.  If the DSP48 was instantiated in the design, it is suggested to set both the MREG and PREG attributes to 1 when performing multiply functions.
Related violations: <none>

DPOP-2#25 Warning
MREG Output pipelining  
DSP design_1_i/top_0/inst/inst_svpwm/vector_proc_inst/mult_reg_reg multiplier stage design_1_i/top_0/inst/inst_svpwm/vector_proc_inst/mult_reg_reg/P[47:0] is not pipelined (MREG=0). Pipelining the multiplier function will improve performance and will save significant power so it is suggested whenever possible to fully pipeline this function.  If this multiplier was inferred, it is suggested to describe an additional register stage after this function.  If there is no registered adder/accumulator following the multiply function, two pipeline stages are suggested to allow both the MREG and PREG registers to be used.  If the DSP48 was instantiated in the design, it is suggested to set both the MREG and PREG attributes to 1 when performing multiply functions.
Related violations: <none>

DPOP-2#26 Warning
MREG Output pipelining  
DSP design_1_i/top_0/inst/inst_svpwm/vector_proc_inst/mult_reg_reg__0 multiplier stage design_1_i/top_0/inst/inst_svpwm/vector_proc_inst/mult_reg_reg__0/P[47:0] is not pipelined (MREG=0). Pipelining the multiplier function will improve performance and will save significant power so it is suggested whenever possible to fully pipeline this function.  If this multiplier was inferred, it is suggested to describe an additional register stage after this function.  If there is no registered adder/accumulator following the multiply function, two pipeline stages are suggested to allow both the MREG and PREG registers to be used.  If the DSP48 was instantiated in the design, it is suggested to set both the MREG and PREG attributes to 1 when performing multiply functions.
Related violations: <none>


